<?xml version="1.0" encoding="UTF-8"?>
<testng-results ignored="0" total="2" passed="2" failed="0" skipped="0">
  <reporter-output>
  </reporter-output>
  <suite started-at="2023-07-19T15:30:02 IST" name="Suite" finished-at="2023-07-19T15:32:10 IST" duration-ms="128637">
    <groups>
    </groups>
    <test started-at="2023-07-19T15:30:02 IST" name="Test" finished-at="2023-07-19T15:32:10 IST" duration-ms="128637">
      <class name="test.velocity">
        <test-method signature="velc()[pri:0, instance:test.velocity@6253c26]" started-at="2023-07-19T15:30:02 IST" name="velc" finished-at="2023-07-19T15:31:18 IST" duration-ms="76272" status="PASS">
          <reporter-output>
          </reporter-output>
        </test-method> <!-- velc -->
      </class> <!-- test.velocity -->
      <class name="test.mmvan">
        <test-method signature="mav()[pri:0, instance:test.mmvan@d9345cd]" started-at="2023-07-19T15:31:18 IST" name="mav" finished-at="2023-07-19T15:32:10 IST" duration-ms="52224" status="PASS">
          <reporter-output>
          </reporter-output>
        </test-method> <!-- mav -->
      </class> <!-- test.mmvan -->
    </test> <!-- Test -->
  </suite> <!-- Suite -->
</testng-results>
